2024.07.23 11:30:04 INFO  Started: Metals version 1.3.3 in folders 'D:\2nd year\Functional Programming\Functional-Programming-practicals\Practicals 01' for client Visual Studio Code 1.91.1.
SLF4J(W): Class path contains multiple SLF4J providers.
SLF4J(W): Found provider [scribe.slf4j.ScribeServiceProvider@7663ba0a]
SLF4J(W): Found provider [ch.qos.logback.classic.spi.LogbackServiceProvider@7c0ba319]
SLF4J(W): See https://www.slf4j.org/codes.html#multiple_bindings for an explanation.
SLF4J(I): Actual provider is of type [scribe.slf4j.ScribeServiceProvider@7663ba0a]
2024.07.23 11:30:05 WARN  Flyway upgrade recommended: H2 2.2.224 is newer than this version of Flyway and support has not been tested. The latest supported version of H2 is 2.2.220.
2024.07.23 11:30:06 INFO  no build target found for D:\2nd year\Functional Programming\Functional-Programming-practicals\Practicals 01\02.scala. Using presentation compiler with project's scala-library version: 3.3.3
2024.07.23 11:30:07 ERROR Unexpected error initializing server: 
java.nio.file.InvalidPathException: Illegal char <"> at index 0: "C:\Program Files\Git\bin\git.exe
	at sun.nio.fs.WindowsPathParser.normalize(WindowsPathParser.java:204)
	at sun.nio.fs.WindowsPathParser.parse(WindowsPathParser.java:175)
	at sun.nio.fs.WindowsPathParser.parse(WindowsPathParser.java:77)
	at sun.nio.fs.WindowsPath.parse(WindowsPath.java:92)
	at sun.nio.fs.WindowsFileSystem.getPath(WindowsFileSystem.java:231)
	at java.nio.file.Path.of(Path.java:148)
	at java.nio.file.Paths.get(Paths.java:69)
	at scala.meta.internal.metals.scalacli.ScalaCli$.$anonfun$localScalaCli$4(ScalaCli.scala:350)
	at scala.collection.Iterator$$anon$9.next(Iterator.scala:584)
	at scala.collection.Iterator$$anon$6.hasNext(Iterator.scala:478)
	at scala.collection.Iterator$$anon$9.hasNext(Iterator.scala:583)
	at scala.collection.Iterator$$anon$10.hasNext(Iterator.scala:600)
	at scala.collection.immutable.Stream$.fromIterator(Stream.scala:469)
	at scala.collection.immutable.Stream$.from(Stream.scala:457)
	at scala.collection.immutable.Stream$.from(Stream.scala:357)
	at scala.collection.IterableFactory$ToFactory.fromSpecific(Factory.scala:274)
	at scala.collection.IterableOnceOps.to(IterableOnce.scala:1437)
	at scala.collection.IterableOnceOps.to$(IterableOnce.scala:1437)
	at scala.collection.AbstractIterator.to(Iterator.scala:1303)
	at scala.collection.IterableOnceOps.toStream(IterableOnce.scala:1482)
	at scala.collection.IterableOnceOps.toStream$(IterableOnce.scala:1482)
	at scala.collection.AbstractIterator.toStream(Iterator.scala:1303)
	at scala.meta.internal.metals.scalacli.ScalaCli$.findInPath$1(ScalaCli.scala:353)
	at scala.meta.internal.metals.scalacli.ScalaCli$.$anonfun$localScalaCli$10(ScalaCli.scala:389)
	at scala.Option.orElse(Option.scala:477)
	at scala.meta.internal.metals.scalacli.ScalaCli$.localScalaCli(ScalaCli.scala:391)
	at scala.meta.internal.metals.scalacli.ScalaCliServers.localScalaCli$lzycompute(ScalaCliServers.scala:63)
	at scala.meta.internal.metals.scalacli.ScalaCliServers.localScalaCli(ScalaCliServers.scala:62)
	at scala.meta.internal.metals.scalacli.ScalaCliServers.setupIDE(ScalaCliServers.scala:68)
	at scala.meta.internal.metals.ProjectMetalsLspService.maybeSetupScalaCli(ProjectMetalsLspService.scala:434)
	at scala.meta.internal.metals.ProjectMetalsLspService.$anonfun$onInitialized$1(ProjectMetalsLspService.scala:505)
	at scala.meta.internal.metals.ProjectMetalsLspService.withWillGenerateBspConfig(ProjectMetalsLspService.scala:113)
	at scala.meta.internal.metals.ProjectMetalsLspService.onInitialized(ProjectMetalsLspService.scala:505)
	at scala.meta.internal.metals.MetalsLspService.$anonfun$initialized$1(MetalsLspService.scala:689)
	at scala.concurrent.impl.Promise$Transformation.run(Promise.scala:470)
	at java.util.concurrent.ThreadPoolExecutor.runWorker(ThreadPoolExecutor.java:1144)
	at java.util.concurrent.ThreadPoolExecutor$Worker.run(ThreadPoolExecutor.java:642)
	at java.lang.Thread.run(Thread.java:1570)

Jul 23, 2024 11:30:08 AM org.eclipse.lsp4j.jsonrpc.RemoteEndpoint handleCancellation
WARNING: Unmatched cancel notification for request id 8
2024.07.23 11:30:08 INFO  no build target found for D:\2nd year\Functional Programming\Functional-Programming-practicals\Practicals 01\02.scala. Using presentation compiler with project's scala-library version: 3.3.3
2024.07.23 11:30:22 INFO  no build target found for D:\2nd year\Functional Programming\Functional-Programming-practicals\Practicals 01\02.scala. Using presentation compiler with project's scala-library version: 3.3.3
2024.07.23 11:30:24 INFO  no build target found for D:\2nd year\Functional Programming\Functional-Programming-practicals\Practicals 01\01.scala. Using presentation compiler with project's scala-library version: 3.3.3
2024.07.23 11:31:34 INFO  no build target found for D:\2nd year\Functional Programming\Functional-Programming-practicals\Practicals 01\02.scala. Using presentation compiler with project's scala-library version: 3.3.3
2024.07.23 11:31:34 INFO  no build target found for D:\2nd year\Functional Programming\Functional-Programming-practicals\Practicals 01\04.scala. Using presentation compiler with project's scala-library version: 3.3.3
2024.07.23 11:31:34 INFO  no build target found for D:\2nd year\Functional Programming\Functional-Programming-practicals\Practicals 01\04.scala. Using presentation compiler with project's scala-library version: 3.3.3
2024.07.23 11:32:20 INFO  no build target found for D:\2nd year\Functional Programming\Functional-Programming-practicals\Practicals 01\04.scala. Using presentation compiler with project's scala-library version: 3.3.3
2024.07.23 11:32:20 INFO  no build target found for D:\2nd year\Functional Programming\Functional-Programming-practicals\Practicals 01\04.scala. Using presentation compiler with project's scala-library version: 3.3.3
2024.07.23 11:32:21 INFO  no build target found for D:\2nd year\Functional Programming\Functional-Programming-practicals\Practicals 01\04.scala. Using presentation compiler with project's scala-library version: 3.3.3
2024.07.23 11:32:28 INFO  no build target found for D:\2nd year\Functional Programming\Functional-Programming-practicals\Practicals 01\04.scala. Using presentation compiler with project's scala-library version: 3.3.3
2024.07.23 11:32:35 INFO  no build target found for D:\2nd year\Functional Programming\Functional-Programming-practicals\Practicals 01\04.scala. Using presentation compiler with project's scala-library version: 3.3.3
2024.07.23 11:32:35 INFO  no build target found for D:\2nd year\Functional Programming\Functional-Programming-practicals\Practicals 01\04.scala. Using presentation compiler with project's scala-library version: 3.3.3
2024.07.23 11:32:37 INFO  no build target found for D:\2nd year\Functional Programming\Functional-Programming-practicals\Practicals 01\04.scala. Using presentation compiler with project's scala-library version: 3.3.3
2024.07.23 11:32:37 INFO  no build target found for D:\2nd year\Functional Programming\Functional-Programming-practicals\Practicals 01\04.scala. Using presentation compiler with project's scala-library version: 3.3.3
2024.07.23 11:32:37 INFO  no build target found for D:\2nd year\Functional Programming\Functional-Programming-practicals\Practicals 01\04.scala. Using presentation compiler with project's scala-library version: 3.3.3
2024.07.23 11:32:39 INFO  no build target found for D:\2nd year\Functional Programming\Functional-Programming-practicals\Practicals 01\04.scala. Using presentation compiler with project's scala-library version: 3.3.3
2024.07.23 11:32:40 INFO  no build target found for D:\2nd year\Functional Programming\Functional-Programming-practicals\Practicals 01\04.scala. Using presentation compiler with project's scala-library version: 3.3.3
2024.07.23 11:32:42 INFO  no build target found for D:\2nd year\Functional Programming\Functional-Programming-practicals\Practicals 01\04.scala. Using presentation compiler with project's scala-library version: 3.3.3
2024.07.23 11:32:42 INFO  no build target found for D:\2nd year\Functional Programming\Functional-Programming-practicals\Practicals 01\04.scala. Using presentation compiler with project's scala-library version: 3.3.3
2024.07.23 11:32:43 INFO  no build target found for D:\2nd year\Functional Programming\Functional-Programming-practicals\Practicals 01\04.scala. Using presentation compiler with project's scala-library version: 3.3.3
2024.07.23 11:32:45 INFO  no build target found for D:\2nd year\Functional Programming\Functional-Programming-practicals\Practicals 01\04.scala. Using presentation compiler with project's scala-library version: 3.3.3
2024.07.23 11:32:46 INFO  no build target found for D:\2nd year\Functional Programming\Functional-Programming-practicals\Practicals 01\04.scala. Using presentation compiler with project's scala-library version: 3.3.3
2024.07.23 11:32:46 INFO  no build target found for D:\2nd year\Functional Programming\Functional-Programming-practicals\Practicals 01\04.scala. Using presentation compiler with project's scala-library version: 3.3.3
2024.07.23 11:32:47 INFO  no build target found for D:\2nd year\Functional Programming\Functional-Programming-practicals\Practicals 01\04.scala. Using presentation compiler with project's scala-library version: 3.3.3
2024.07.23 11:32:47 INFO  no build target found for D:\2nd year\Functional Programming\Functional-Programming-practicals\Practicals 01\04.scala. Using presentation compiler with project's scala-library version: 3.3.3
2024.07.23 11:32:47 INFO  no build target found for D:\2nd year\Functional Programming\Functional-Programming-practicals\Practicals 01\04.scala. Using presentation compiler with project's scala-library version: 3.3.3
2024.07.23 11:32:50 INFO  no build target found for D:\2nd year\Functional Programming\Functional-Programming-practicals\Practicals 01\04.scala. Using presentation compiler with project's scala-library version: 3.3.3
2024.07.23 11:32:50 INFO  no build target found for D:\2nd year\Functional Programming\Functional-Programming-practicals\Practicals 01\04.scala. Using presentation compiler with project's scala-library version: 3.3.3
2024.07.23 11:32:50 INFO  no build target found for D:\2nd year\Functional Programming\Functional-Programming-practicals\Practicals 01\04.scala. Using presentation compiler with project's scala-library version: 3.3.3
2024.07.23 11:32:51 INFO  no build target found for D:\2nd year\Functional Programming\Functional-Programming-practicals\Practicals 01\04.scala. Using presentation compiler with project's scala-library version: 3.3.3
2024.07.23 11:32:53 INFO  no build target found for D:\2nd year\Functional Programming\Functional-Programming-practicals\Practicals 01\04.scala. Using presentation compiler with project's scala-library version: 3.3.3
2024.07.23 11:32:55 INFO  no build target found for D:\2nd year\Functional Programming\Functional-Programming-practicals\Practicals 01\04.scala. Using presentation compiler with project's scala-library version: 3.3.3
2024.07.23 11:32:55 INFO  no build target found for D:\2nd year\Functional Programming\Functional-Programming-practicals\Practicals 01\04.scala. Using presentation compiler with project's scala-library version: 3.3.3
2024.07.23 11:32:56 INFO  no build target found for D:\2nd year\Functional Programming\Functional-Programming-practicals\Practicals 01\04.scala. Using presentation compiler with project's scala-library version: 3.3.3
2024.07.23 11:32:56 INFO  no build target found for D:\2nd year\Functional Programming\Functional-Programming-practicals\Practicals 01\04.scala. Using presentation compiler with project's scala-library version: 3.3.3
2024.07.23 11:32:58 INFO  no build target found for D:\2nd year\Functional Programming\Functional-Programming-practicals\Practicals 01\04.scala. Using presentation compiler with project's scala-library version: 3.3.3
2024.07.23 11:32:58 INFO  no build target found for D:\2nd year\Functional Programming\Functional-Programming-practicals\Practicals 01\04.scala. Using presentation compiler with project's scala-library version: 3.3.3
2024.07.23 11:33:00 INFO  no build target found for D:\2nd year\Functional Programming\Functional-Programming-practicals\Practicals 01\04.scala. Using presentation compiler with project's scala-library version: 3.3.3
2024.07.23 11:33:00 INFO  no build target found for D:\2nd year\Functional Programming\Functional-Programming-practicals\Practicals 01\04.scala. Using presentation compiler with project's scala-library version: 3.3.3
2024.07.23 11:33:01 INFO  no build target found for D:\2nd year\Functional Programming\Functional-Programming-practicals\Practicals 01\04.scala. Using presentation compiler with project's scala-library version: 3.3.3
2024.07.23 11:33:01 INFO  no build target found for D:\2nd year\Functional Programming\Functional-Programming-practicals\Practicals 01\04.scala. Using presentation compiler with project's scala-library version: 3.3.3
2024.07.23 11:33:01 INFO  no build target found for D:\2nd year\Functional Programming\Functional-Programming-practicals\Practicals 01\04.scala. Using presentation compiler with project's scala-library version: 3.3.3
2024.07.23 11:33:04 INFO  no build target found for D:\2nd year\Functional Programming\Functional-Programming-practicals\Practicals 01\04.scala. Using presentation compiler with project's scala-library version: 3.3.3
2024.07.23 11:33:06 INFO  no build target found for D:\2nd year\Functional Programming\Functional-Programming-practicals\Practicals 01\04.scala. Using presentation compiler with project's scala-library version: 3.3.3
2024.07.23 11:33:07 INFO  no build target found for D:\2nd year\Functional Programming\Functional-Programming-practicals\Practicals 01\04.scala. Using presentation compiler with project's scala-library version: 3.3.3
2024.07.23 11:33:09 INFO  no build target found for D:\2nd year\Functional Programming\Functional-Programming-practicals\Practicals 01\04.scala. Using presentation compiler with project's scala-library version: 3.3.3
2024.07.23 11:33:10 INFO  no build target found for D:\2nd year\Functional Programming\Functional-Programming-practicals\Practicals 01\04.scala. Using presentation compiler with project's scala-library version: 3.3.3
2024.07.23 11:33:12 INFO  no build target found for D:\2nd year\Functional Programming\Functional-Programming-practicals\Practicals 01\04.scala. Using presentation compiler with project's scala-library version: 3.3.3
2024.07.23 11:33:15 INFO  no build target found for D:\2nd year\Functional Programming\Functional-Programming-practicals\Practicals 01\04.scala. Using presentation compiler with project's scala-library version: 3.3.3
2024.07.23 11:33:15 INFO  no build target found for D:\2nd year\Functional Programming\Functional-Programming-practicals\Practicals 01\04.scala. Using presentation compiler with project's scala-library version: 3.3.3
2024.07.23 11:33:17 INFO  no build target found for D:\2nd year\Functional Programming\Functional-Programming-practicals\Practicals 01\04.scala. Using presentation compiler with project's scala-library version: 3.3.3
2024.07.23 11:33:20 INFO  no build target found for D:\2nd year\Functional Programming\Functional-Programming-practicals\Practicals 01\04.scala. Using presentation compiler with project's scala-library version: 3.3.3
2024.07.23 11:33:21 INFO  no build target found for D:\2nd year\Functional Programming\Functional-Programming-practicals\Practicals 01\04.scala. Using presentation compiler with project's scala-library version: 3.3.3
2024.07.23 11:33:24 INFO  no build target found for D:\2nd year\Functional Programming\Functional-Programming-practicals\Practicals 01\04.scala. Using presentation compiler with project's scala-library version: 3.3.3
2024.07.23 11:33:24 INFO  no build target found for D:\2nd year\Functional Programming\Functional-Programming-practicals\Practicals 01\04.scala. Using presentation compiler with project's scala-library version: 3.3.3
2024.07.23 11:33:24 INFO  no build target found for D:\2nd year\Functional Programming\Functional-Programming-practicals\Practicals 01\04.scala. Using presentation compiler with project's scala-library version: 3.3.3
2024.07.23 11:33:27 INFO  no build target found for D:\2nd year\Functional Programming\Functional-Programming-practicals\Practicals 01\04.scala. Using presentation compiler with project's scala-library version: 3.3.3
2024.07.23 11:33:27 INFO  no build target found for D:\2nd year\Functional Programming\Functional-Programming-practicals\Practicals 01\04.scala. Using presentation compiler with project's scala-library version: 3.3.3
2024.07.23 11:33:27 INFO  no build target found for D:\2nd year\Functional Programming\Functional-Programming-practicals\Practicals 01\04.scala. Using presentation compiler with project's scala-library version: 3.3.3
2024.07.23 11:33:30 INFO  no build target found for D:\2nd year\Functional Programming\Functional-Programming-practicals\Practicals 01\04.scala. Using presentation compiler with project's scala-library version: 3.3.3
2024.07.23 11:33:50 INFO  no build target found for D:\2nd year\Functional Programming\Functional-Programming-practicals\Practicals 01\04.scala. Using presentation compiler with project's scala-library version: 3.3.3
2024.07.23 11:33:52 INFO  no build target found for D:\2nd year\Functional Programming\Functional-Programming-practicals\Practicals 01\04.scala. Using presentation compiler with project's scala-library version: 3.3.3
2024.07.23 11:33:52 INFO  no build target found for D:\2nd year\Functional Programming\Functional-Programming-practicals\Practicals 01\04.scala. Using presentation compiler with project's scala-library version: 3.3.3
2024.07.23 11:33:52 INFO  no build target found for D:\2nd year\Functional Programming\Functional-Programming-practicals\Practicals 01\04.scala. Using presentation compiler with project's scala-library version: 3.3.3
2024.07.23 11:33:59 INFO  no build target found for D:\2nd year\Functional Programming\Functional-Programming-practicals\Practicals 01\04.scala. Using presentation compiler with project's scala-library version: 3.3.3
2024.07.23 11:34:01 INFO  no build target found for D:\2nd year\Functional Programming\Functional-Programming-practicals\Practicals 01\04.scala. Using presentation compiler with project's scala-library version: 3.3.3
2024.07.23 11:34:01 INFO  no build target found for D:\2nd year\Functional Programming\Functional-Programming-practicals\Practicals 01\04.scala. Using presentation compiler with project's scala-library version: 3.3.3
2024.07.23 11:34:02 INFO  no build target found for D:\2nd year\Functional Programming\Functional-Programming-practicals\Practicals 01\04.scala. Using presentation compiler with project's scala-library version: 3.3.3
2024.07.23 11:34:02 INFO  no build target found for D:\2nd year\Functional Programming\Functional-Programming-practicals\Practicals 01\04.scala. Using presentation compiler with project's scala-library version: 3.3.3
2024.07.23 11:34:10 INFO  no build target found for D:\2nd year\Functional Programming\Functional-Programming-practicals\Practicals 01\04.scala. Using presentation compiler with project's scala-library version: 3.3.3
2024.07.23 11:34:16 INFO  no build target found for D:\2nd year\Functional Programming\Functional-Programming-practicals\Practicals 01\04.scala. Using presentation compiler with project's scala-library version: 3.3.3
2024.07.23 11:34:16 INFO  no build target found for D:\2nd year\Functional Programming\Functional-Programming-practicals\Practicals 01\04.scala. Using presentation compiler with project's scala-library version: 3.3.3
2024.07.23 11:34:29 INFO  no build target found for D:\2nd year\Functional Programming\Functional-Programming-practicals\Practicals 01\04.scala. Using presentation compiler with project's scala-library version: 3.3.3
2024.07.23 11:34:31 INFO  no build target found for D:\2nd year\Functional Programming\Functional-Programming-practicals\Practicals 01\04.scala. Using presentation compiler with project's scala-library version: 3.3.3
2024.07.23 11:34:31 INFO  no build target found for D:\2nd year\Functional Programming\Functional-Programming-practicals\Practicals 01\04.scala. Using presentation compiler with project's scala-library version: 3.3.3
2024.07.23 11:34:32 INFO  no build target found for D:\2nd year\Functional Programming\Functional-Programming-practicals\Practicals 01\04.scala. Using presentation compiler with project's scala-library version: 3.3.3
2024.07.23 11:34:32 INFO  no build target found for D:\2nd year\Functional Programming\Functional-Programming-practicals\Practicals 01\04.scala. Using presentation compiler with project's scala-library version: 3.3.3
2024.07.23 11:34:32 INFO  no build target found for D:\2nd year\Functional Programming\Functional-Programming-practicals\Practicals 01\04.scala. Using presentation compiler with project's scala-library version: 3.3.3
2024.07.23 11:34:32 INFO  no build target found for D:\2nd year\Functional Programming\Functional-Programming-practicals\Practicals 01\04.scala. Using presentation compiler with project's scala-library version: 3.3.3
2024.07.23 11:34:36 INFO  no build target found for D:\2nd year\Functional Programming\Functional-Programming-practicals\Practicals 01\04.scala. Using presentation compiler with project's scala-library version: 3.3.3
2024.07.23 11:34:39 INFO  no build target found for D:\2nd year\Functional Programming\Functional-Programming-practicals\Practicals 01\04.scala. Using presentation compiler with project's scala-library version: 3.3.3
2024.07.23 11:34:40 INFO  no build target found for D:\2nd year\Functional Programming\Functional-Programming-practicals\Practicals 01\04.scala. Using presentation compiler with project's scala-library version: 3.3.3
2024.07.23 11:34:40 INFO  no build target found for D:\2nd year\Functional Programming\Functional-Programming-practicals\Practicals 01\04.scala. Using presentation compiler with project's scala-library version: 3.3.3
2024.07.23 11:34:40 INFO  no build target found for D:\2nd year\Functional Programming\Functional-Programming-practicals\Practicals 01\04.scala. Using presentation compiler with project's scala-library version: 3.3.3
2024.07.23 11:34:53 INFO  no build target found for D:\2nd year\Functional Programming\Functional-Programming-practicals\Practicals 01\04.scala. Using presentation compiler with project's scala-library version: 3.3.3
2024.07.23 11:35:06 INFO  no build target found for D:\2nd year\Functional Programming\Functional-Programming-practicals\Practicals 01\04.scala. Using presentation compiler with project's scala-library version: 3.3.3
2024.07.23 11:35:15 INFO  no build target found for D:\2nd year\Functional Programming\Functional-Programming-practicals\Practicals 01\04.scala. Using presentation compiler with project's scala-library version: 3.3.3
2024.07.23 11:35:18 INFO  no build target found for D:\2nd year\Functional Programming\Functional-Programming-practicals\Practicals 01\04.scala. Using presentation compiler with project's scala-library version: 3.3.3
2024.07.23 11:35:18 INFO  no build target found for D:\2nd year\Functional Programming\Functional-Programming-practicals\Practicals 01\04.scala. Using presentation compiler with project's scala-library version: 3.3.3
2024.07.23 11:35:20 INFO  no build target found for D:\2nd year\Functional Programming\Functional-Programming-practicals\Practicals 01\04.scala. Using presentation compiler with project's scala-library version: 3.3.3
2024.07.23 11:35:20 INFO  no build target found for D:\2nd year\Functional Programming\Functional-Programming-practicals\Practicals 01\04.scala. Using presentation compiler with project's scala-library version: 3.3.3
2024.07.23 11:35:20 INFO  no build target found for D:\2nd year\Functional Programming\Functional-Programming-practicals\Practicals 01\04.scala. Using presentation compiler with project's scala-library version: 3.3.3
2024.07.23 11:35:20 INFO  no build target found for D:\2nd year\Functional Programming\Functional-Programming-practicals\Practicals 01\04.scala. Using presentation compiler with project's scala-library version: 3.3.3
2024.07.23 11:35:21 WARN  no build target for: D:\2nd year\Functional Programming\Functional-Programming-practicals\Practicals 01\04.scala
2024.07.23 11:35:21 INFO  no build target found for D:\2nd year\Functional Programming\Functional-Programming-practicals\Practicals 01\04.scala. Using presentation compiler with project's scala-library version: 3.3.3
2024.07.23 11:35:21 INFO  no build target found for D:\2nd year\Functional Programming\Functional-Programming-practicals\Practicals 01\04.scala. Using presentation compiler with project's scala-library version: 3.3.3
2024.07.23 11:35:59 INFO  no build target found for D:\2nd year\Functional Programming\Functional-Programming-practicals\Practicals 01\04.scala. Using presentation compiler with project's scala-library version: 3.3.3
2024.07.23 11:36:10 INFO  no build target found for D:\2nd year\Functional Programming\Functional-Programming-practicals\Practicals 01\04.scala. Using presentation compiler with project's scala-library version: 3.3.3
2024.07.23 11:36:10 INFO  no build target found for D:\2nd year\Functional Programming\Functional-Programming-practicals\Practicals 01\04.scala. Using presentation compiler with project's scala-library version: 3.3.3
2024.07.23 11:36:12 INFO  no build target found for D:\2nd year\Functional Programming\Functional-Programming-practicals\Practicals 01\04.scala. Using presentation compiler with project's scala-library version: 3.3.3
2024.07.23 11:36:17 INFO  no build target found for D:\2nd year\Functional Programming\Functional-Programming-practicals\Practicals 01\04.scala. Using presentation compiler with project's scala-library version: 3.3.3
2024.07.23 11:36:29 INFO  no build target found for D:\2nd year\Functional Programming\Functional-Programming-practicals\Practicals 01\04.scala. Using presentation compiler with project's scala-library version: 3.3.3
2024.07.23 11:36:32 INFO  no build target found for D:\2nd year\Functional Programming\Functional-Programming-practicals\Practicals 01\04.scala. Using presentation compiler with project's scala-library version: 3.3.3
Jul 23, 2024 11:36:32 AM org.eclipse.lsp4j.jsonrpc.RemoteEndpoint handleCancellation
WARNING: Unmatched cancel notification for request id 156
2024.07.23 11:36:32 INFO  no build target found for D:\2nd year\Functional Programming\Functional-Programming-practicals\Practicals 01\04.scala. Using presentation compiler with project's scala-library version: 3.3.3
2024.07.23 11:36:38 INFO  no build target found for D:\2nd year\Functional Programming\Functional-Programming-practicals\Practicals 01\04.scala. Using presentation compiler with project's scala-library version: 3.3.3
2024.07.23 11:36:50 INFO  no build target found for D:\2nd year\Functional Programming\Functional-Programming-practicals\Practicals 01\04.scala. Using presentation compiler with project's scala-library version: 3.3.3
2024.07.23 11:36:51 INFO  no build target found for D:\2nd year\Functional Programming\Functional-Programming-practicals\Practicals 01\04.scala. Using presentation compiler with project's scala-library version: 3.3.3
2024.07.23 11:36:51 INFO  no build target found for D:\2nd year\Functional Programming\Functional-Programming-practicals\Practicals 01\04.scala. Using presentation compiler with project's scala-library version: 3.3.3
2024.07.23 11:36:53 INFO  no build target found for D:\2nd year\Functional Programming\Functional-Programming-practicals\Practicals 01\04.scala. Using presentation compiler with project's scala-library version: 3.3.3
2024.07.23 11:36:53 INFO  no build target found for D:\2nd year\Functional Programming\Functional-Programming-practicals\Practicals 01\04.scala. Using presentation compiler with project's scala-library version: 3.3.3
2024.07.23 11:36:53 INFO  no build target found for D:\2nd year\Functional Programming\Functional-Programming-practicals\Practicals 01\04.scala. Using presentation compiler with project's scala-library version: 3.3.3
2024.07.23 11:36:53 INFO  no build target found for D:\2nd year\Functional Programming\Functional-Programming-practicals\Practicals 01\04.scala. Using presentation compiler with project's scala-library version: 3.3.3
2024.07.23 11:36:53 INFO  no build target found for D:\2nd year\Functional Programming\Functional-Programming-practicals\Practicals 01\04.scala. Using presentation compiler with project's scala-library version: 3.3.3
2024.07.23 11:36:54 INFO  no build target found for D:\2nd year\Functional Programming\Functional-Programming-practicals\Practicals 01\04.scala. Using presentation compiler with project's scala-library version: 3.3.3
2024.07.23 11:36:54 INFO  no build target found for D:\2nd year\Functional Programming\Functional-Programming-practicals\Practicals 01\04.scala. Using presentation compiler with project's scala-library version: 3.3.3
2024.07.23 11:36:54 WARN  no build target for: D:\2nd year\Functional Programming\Functional-Programming-practicals\Practicals 01\04.scala
2024.07.23 11:36:54 INFO  no build target found for D:\2nd year\Functional Programming\Functional-Programming-practicals\Practicals 01\04.scala. Using presentation compiler with project's scala-library version: 3.3.3
2024.07.23 11:36:54 INFO  no build target found for D:\2nd year\Functional Programming\Functional-Programming-practicals\Practicals 01\04.scala. Using presentation compiler with project's scala-library version: 3.3.3
2024.07.23 13:20:47 INFO  Shutting down server
2024.07.23 13:20:47 INFO  shutting down Metals
2024.07.23 13:20:47 INFO  Exiting server
