2024.08.06 08:20:41 INFO  Started: Metals version 1.3.4 in folders 'D:\2nd year\Functional Programming\Functional-Programming-practicals\practicals-07' for client Visual Studio Code 1.91.1.
SLF4J(W): Class path contains multiple SLF4J providers.
SLF4J(W): Found provider [scribe.slf4j.ScribeServiceProvider@45a8270c]
SLF4J(W): Found provider [ch.qos.logback.classic.spi.LogbackServiceProvider@1ff93850]
SLF4J(W): See https://www.slf4j.org/codes.html#multiple_bindings for an explanation.
SLF4J(I): Actual provider is of type [scribe.slf4j.ScribeServiceProvider@45a8270c]
2024.08.06 08:20:42 WARN  Flyway upgrade recommended: H2 2.3.230 is newer than this version of Flyway and support has not been tested. The latest supported version of H2 is 2.2.220.
2024.08.06 08:20:44 INFO  no build target found for D:\2nd year\Functional Programming\Functional-Programming-practicals\practicals-07\practical07_3.scala. Using presentation compiler with project's scala-library version: 3.3.3
2024.08.06 08:20:44 ERROR Unexpected error initializing server: 
java.nio.file.InvalidPathException: Illegal char <"> at index 0: "C:\Program Files\Git\bin\git.exe
	at sun.nio.fs.WindowsPathParser.normalize(WindowsPathParser.java:204)
	at sun.nio.fs.WindowsPathParser.parse(WindowsPathParser.java:175)
	at sun.nio.fs.WindowsPathParser.parse(WindowsPathParser.java:77)
	at sun.nio.fs.WindowsPath.parse(WindowsPath.java:92)
	at sun.nio.fs.WindowsFileSystem.getPath(WindowsFileSystem.java:231)
	at java.nio.file.Path.of(Path.java:148)
	at java.nio.file.Paths.get(Paths.java:69)
	at scala.meta.internal.metals.scalacli.ScalaCli$.$anonfun$localScalaCli$4(ScalaCli.scala:350)
	at scala.collection.Iterator$$anon$9.next(Iterator.scala:584)
	at scala.collection.Iterator$$anon$6.hasNext(Iterator.scala:478)
	at scala.collection.Iterator$$anon$9.hasNext(Iterator.scala:583)
	at scala.collection.Iterator$$anon$10.hasNext(Iterator.scala:600)
	at scala.collection.immutable.Stream$.fromIterator(Stream.scala:469)
	at scala.collection.immutable.Stream$.from(Stream.scala:457)
	at scala.collection.immutable.Stream$.from(Stream.scala:357)
	at scala.collection.IterableFactory$ToFactory.fromSpecific(Factory.scala:274)
	at scala.collection.IterableOnceOps.to(IterableOnce.scala:1437)
	at scala.collection.IterableOnceOps.to$(IterableOnce.scala:1437)
	at scala.collection.AbstractIterator.to(Iterator.scala:1303)
	at scala.collection.IterableOnceOps.toStream(IterableOnce.scala:1482)
	at scala.collection.IterableOnceOps.toStream$(IterableOnce.scala:1482)
	at scala.collection.AbstractIterator.toStream(Iterator.scala:1303)
	at scala.meta.internal.metals.scalacli.ScalaCli$.findInPath$1(ScalaCli.scala:353)
	at scala.meta.internal.metals.scalacli.ScalaCli$.$anonfun$localScalaCli$10(ScalaCli.scala:389)
	at scala.Option.orElse(Option.scala:477)
	at scala.meta.internal.metals.scalacli.ScalaCli$.localScalaCli(ScalaCli.scala:391)
	at scala.meta.internal.metals.scalacli.ScalaCliServers.localScalaCli$lzycompute(ScalaCliServers.scala:63)
	at scala.meta.internal.metals.scalacli.ScalaCliServers.localScalaCli(ScalaCliServers.scala:62)
	at scala.meta.internal.metals.scalacli.ScalaCliServers.setupIDE(ScalaCliServers.scala:68)
	at scala.meta.internal.metals.ProjectMetalsLspService.maybeSetupScalaCli(ProjectMetalsLspService.scala:433)
	at scala.meta.internal.metals.ProjectMetalsLspService.$anonfun$onInitialized$1(ProjectMetalsLspService.scala:504)
	at scala.meta.internal.metals.ProjectMetalsLspService.withWillGenerateBspConfig(ProjectMetalsLspService.scala:113)
	at scala.meta.internal.metals.ProjectMetalsLspService.onInitialized(ProjectMetalsLspService.scala:504)
	at scala.meta.internal.metals.MetalsLspService.$anonfun$initialized$1(MetalsLspService.scala:693)
	at scala.concurrent.impl.Promise$Transformation.run(Promise.scala:470)
	at java.util.concurrent.ThreadPoolExecutor.runWorker(ThreadPoolExecutor.java:1144)
	at java.util.concurrent.ThreadPoolExecutor$Worker.run(ThreadPoolExecutor.java:642)
	at java.lang.Thread.run(Thread.java:1570)

Aug 06, 2024 8:20:46 AM org.eclipse.lsp4j.jsonrpc.services.GenericEndpoint notify
INFO: Unsupported notification method: $/setTrace
2024.08.06 08:20:49 INFO  no build target found for D:\2nd year\Functional Programming\Functional-Programming-practicals\practicals-07\practical07_3.scala. Using presentation compiler with project's scala-library version: 3.3.3
2024.08.06 08:21:14 INFO  no build target found for D:\2nd year\Functional Programming\Functional-Programming-practicals\practicals-07\practical07_3.scala. Using presentation compiler with project's scala-library version: 3.3.3
2024.08.06 08:21:15 INFO  no build target found for D:\2nd year\Functional Programming\Functional-Programming-practicals\practicals-07\practical07_3.scala. Using presentation compiler with project's scala-library version: 3.3.3
2024.08.06 08:23:35 INFO  Shutting down server
2024.08.06 08:23:35 INFO  shutting down Metals
2024.08.06 08:23:35 INFO  Exiting server
